This is XeTeX, Version 3.14159265-2.6-0.99992 (MiKTeX 2.9 64-bit) (preloaded format=xelatex 2015.9.23)  27 NOV 2015 14:05
entering extended mode
**D:/Copy/UnB/CN/trabalho/Artigo/sbc-template.tex
(D:/Copy/UnB/CN/trabalho/Artigo/sbc-template.tex
LaTeX2e <2015/01/01> patch level 2
Babel <3.9m> and hyphenation patterns for 69 languages loaded.
(D:\MikTex\tex\latex\ieeetran\IEEEtran.cls
Document Class: IEEEtran 2015/08/26 V1.8b by Michael Shell
-- See the "IEEEtran_HOWTO" manual for usage information.
-- http://www.michaelshell.org/tex/ieeetran/
\@IEEEtrantmpdimenA=\dimen102
\@IEEEtrantmpdimenB=\dimen103
\@IEEEtrantmpdimenC=\dimen104
\@IEEEtrantmpcountA=\count80
\@IEEEtrantmpcountB=\count81
\@IEEEtrantmpcountC=\count82
\@IEEEtrantmptoksA=\toks14
LaTeX Font Info:    Try loading font information for OT1+ptm on input line 503.

(D:\MikTex\tex\latex\psnfss\ot1ptm.fd
File: ot1ptm.fd 2001/06/04 font definitions for OT1/ptm.
)
Requested font "ptmr7t" at 10.0pt

-- Using 8.5in x 11in (letter) paper.
-- Using DVI output.
\@IEEEnormalsizeunitybaselineskip=\dimen105
-- This is a 10 point document.
Requested font "ptmr7t" at 9.0pt
\CLASSINFOnormalsizebaselineskip=\dimen106
\CLASSINFOnormalsizeunitybaselineskip=\dimen107
\IEEEnormaljot=\dimen108
Requested font "ptmr7t" at 5.0pt
LaTeX Font Info:    Font shape `OT1/ptm/bx/n' in size <5> not available
(Font)              Font shape `OT1/ptm/b/n' tried instead on input line 1090.
Requested font "ptmb7t" at 5.0pt
Requested font "ptmri7t" at 5.0pt
LaTeX Font Info:    Font shape `OT1/ptm/bx/it' in size <5> not available
(Font)              Font shape `OT1/ptm/b/it' tried instead on input line 1090.

Requested font "ptmbi7t" at 5.0pt
Requested font "ptmr7t" at 7.0pt
LaTeX Font Info:    Font shape `OT1/ptm/bx/n' in size <7> not available
(Font)              Font shape `OT1/ptm/b/n' tried instead on input line 1090.
Requested font "ptmb7t" at 7.0pt
Requested font "ptmri7t" at 7.0pt
LaTeX Font Info:    Font shape `OT1/ptm/bx/it' in size <7> not available
(Font)              Font shape `OT1/ptm/b/it' tried instead on input line 1090.

Requested font "ptmbi7t" at 7.0pt
Requested font "ptmr7t" at 8.0pt
LaTeX Font Info:    Font shape `OT1/ptm/bx/n' in size <8> not available
(Font)              Font shape `OT1/ptm/b/n' tried instead on input line 1090.
Requested font "ptmb7t" at 8.0pt
Requested font "ptmri7t" at 8.0pt
LaTeX Font Info:    Font shape `OT1/ptm/bx/it' in size <8> not available
(Font)              Font shape `OT1/ptm/b/it' tried instead on input line 1090.

Requested font "ptmbi7t" at 8.0pt
LaTeX Font Info:    Font shape `OT1/ptm/bx/n' in size <9> not available
(Font)              Font shape `OT1/ptm/b/n' tried instead on input line 1090.
Requested font "ptmb7t" at 9.0pt
Requested font "ptmri7t" at 9.0pt
LaTeX Font Info:    Font shape `OT1/ptm/bx/it' in size <9> not available
(Font)              Font shape `OT1/ptm/b/it' tried instead on input line 1090.

Requested font "ptmbi7t" at 9.0pt
LaTeX Font Info:    Font shape `OT1/ptm/bx/n' in size <10> not available
(Font)              Font shape `OT1/ptm/b/n' tried instead on input line 1090.
Requested font "ptmb7t" at 10.0pt
Requested font "ptmri7t" at 10.0pt
LaTeX Font Info:    Font shape `OT1/ptm/bx/it' in size <10> not available
(Font)              Font shape `OT1/ptm/b/it' tried instead on input line 1090.

Requested font "ptmbi7t" at 10.0pt
Requested font "ptmr7t" at 11.0pt
LaTeX Font Info:    Font shape `OT1/ptm/bx/n' in size <11> not available
(Font)              Font shape `OT1/ptm/b/n' tried instead on input line 1090.
Requested font "ptmb7t" at 11.0pt
Requested font "ptmri7t" at 11.0pt
LaTeX Font Info:    Font shape `OT1/ptm/bx/it' in size <11> not available
(Font)              Font shape `OT1/ptm/b/it' tried instead on input line 1090.

Requested font "ptmbi7t" at 11.0pt
Requested font "ptmr7t" at 12.0pt
LaTeX Font Info:    Font shape `OT1/ptm/bx/n' in size <12> not available
(Font)              Font shape `OT1/ptm/b/n' tried instead on input line 1090.
Requested font "ptmb7t" at 12.0pt
Requested font "ptmri7t" at 12.0pt
LaTeX Font Info:    Font shape `OT1/ptm/bx/it' in size <12> not available
(Font)              Font shape `OT1/ptm/b/it' tried instead on input line 1090.

Requested font "ptmbi7t" at 12.0pt
Requested font "ptmr7t" at 17.0pt
LaTeX Font Info:    Font shape `OT1/ptm/bx/n' in size <17> not available
(Font)              Font shape `OT1/ptm/b/n' tried instead on input line 1090.
Requested font "ptmb7t" at 17.0pt
Requested font "ptmri7t" at 17.0pt
LaTeX Font Info:    Font shape `OT1/ptm/bx/it' in size <17> not available
(Font)              Font shape `OT1/ptm/b/it' tried instead on input line 1090.

Requested font "ptmbi7t" at 17.0pt
Requested font "ptmr7t" at 20.0pt
LaTeX Font Info:    Font shape `OT1/ptm/bx/n' in size <20> not available
(Font)              Font shape `OT1/ptm/b/n' tried instead on input line 1090.
Requested font "ptmb7t" at 20.0pt
Requested font "ptmri7t" at 20.0pt
LaTeX Font Info:    Font shape `OT1/ptm/bx/it' in size <20> not available
(Font)              Font shape `OT1/ptm/b/it' tried instead on input line 1090.

Requested font "ptmbi7t" at 20.0pt
Requested font "ptmr7t" at 24.0pt
LaTeX Font Info:    Font shape `OT1/ptm/bx/n' in size <24> not available
(Font)              Font shape `OT1/ptm/b/n' tried instead on input line 1090.
Requested font "ptmb7t" at 24.0pt
Requested font "ptmri7t" at 24.0pt
LaTeX Font Info:    Font shape `OT1/ptm/bx/it' in size <24> not available
(Font)              Font shape `OT1/ptm/b/it' tried instead on input line 1090.

Requested font "ptmbi7t" at 24.0pt
\IEEEquantizedlength=\dimen109
\IEEEquantizedlengthdiff=\dimen110
\IEEEquantizedtextheightdiff=\dimen111
\IEEEilabelindentA=\dimen112
\IEEEilabelindentB=\dimen113
\IEEEilabelindent=\dimen114
\IEEEelabelindent=\dimen115
\IEEEdlabelindent=\dimen116
\IEEElabelindent=\dimen117
\IEEEiednormlabelsep=\dimen118
\IEEEiedmathlabelsep=\dimen119
\IEEEiedtopsep=\skip41
\c@section=\count83
\c@subsection=\count84
\c@subsubsection=\count85
\c@paragraph=\count86
\c@IEEEsubequation=\count87
\abovecaptionskip=\skip42
\belowcaptionskip=\skip43
\c@figure=\count88
\c@table=\count89
\@IEEEeqnnumcols=\count90
\@IEEEeqncolcnt=\count91
\@IEEEsubeqnnumrollback=\count92
\@IEEEquantizeheightA=\dimen120
\@IEEEquantizeheightB=\dimen121
\@IEEEquantizeheightC=\dimen122
\@IEEEquantizeprevdepth=\dimen123
\@IEEEquantizemultiple=\count93
\@IEEEquantizeboxA=\box26
\@IEEEtmpitemindent=\dimen124
\IEEEPARstartletwidth=\dimen125
\c@IEEEbiography=\count94
\@IEEEtranrubishbin=\box27
) (D:\MikTex\tex\latex\polyglossia\polyglossia.sty
Package: polyglossia 2015/08/06 v1.42.0 Alternative to Babel for XeLaTeX and Lu
aLaTeX

(D:\MikTex\tex\latex\etoolbox\etoolbox.sty
Package: etoolbox 2015/08/02 v2.2a e-TeX tools for LaTeX (JAW)
\etb@tempcnta=\count95
)
(D:\MikTex\tex\latex\makecmds\makecmds.sty
Package: makecmds 2009/09/03 v1.0a extra command making commands
)
(D:\MikTex\tex\latex\xkeyval\xkeyval.sty
Package: xkeyval 2014/12/03 v2.7a package option processing (HA)

(D:\MikTex\tex\generic\xkeyval\xkeyval.tex
(D:\MikTex\tex\generic\xkeyval\xkvutils.tex
\XKV@toks=\toks15
\XKV@tempa@toks=\toks16

(D:\MikTex\tex\generic\xkeyval\keyval.tex))
\XKV@depth=\count96
File: xkeyval.tex 2014/12/03 v2.7a key=value parser (HA)
))
(D:\MikTex\tex\latex\fontspec\fontspec.sty
Package: fontspec 2015/07/22 v2.4d Font selection for XeLaTeX and LuaLaTeX

(D:\MikTex\tex\latex\l3kernel\expl3.sty
Package: expl3 2015/09/11 v6002 L3 programming layer (loader) 

(D:\MikTex\tex\latex\l3kernel\expl3-code.tex
Package: expl3 2015/09/11 v6002 L3 programming layer (code) 
L3 Module: l3bootstrap 2015/09/10 v5983 L3 Bootstrap code
L3 Module: l3names 2015/09/07 v5939 L3 Namespace for primitives
L3 Module: l3basics 2015/09/10 v5983 L3 Basic definitions
L3 Module: l3expan 2015/09/10 v5983 L3 Argument expansion
L3 Module: l3tl 2015/09/10 v5983 L3 Token lists
L3 Module: l3str 2015/09/10 v5983 L3 Strings
L3 Module: l3seq 2015/08/05 v5777 L3 Sequences and stacks
L3 Module: l3int 2015/09/11 v5987 L3 Integers
\c_max_int=\count97
\l_tmpa_int=\count98
\l_tmpb_int=\count99
\g_tmpa_int=\count100
\g_tmpb_int=\count101
L3 Module: l3quark 2015/08/17 v5855 L3 Quarks
L3 Module: l3prg 2015/09/10 v5983 L3 Control structures
\g__prg_map_int=\count102
L3 Module: l3clist 2015/09/02 v5901 L3 Comma separated lists
L3 Module: l3token 2015/08/26 v5893 L3 Experimental token manipulation
L3 Module: l3prop 2015/08/05 v5777 L3 Property lists
L3 Module: l3msg 2015/09/10 v5983 L3 Messages
L3 Module: l3file 2015/08/05 v5786 L3 File and I/O operations
\l_iow_line_count_int=\count103
\l__iow_target_count_int=\count104
\l__iow_current_line_int=\count105
\l__iow_current_word_int=\count106
\l__iow_current_indentation_int=\count107
L3 Module: l3skip 2015/09/10 v5983 L3 Dimensions and skips
\c_zero_dim=\dimen126
\c_max_dim=\dimen127
\l_tmpa_dim=\dimen128
\l_tmpb_dim=\dimen129
\g_tmpa_dim=\dimen130
\g_tmpb_dim=\dimen131
\c_zero_skip=\skip44
\c_max_skip=\skip45
\l_tmpa_skip=\skip46
\l_tmpb_skip=\skip47
\g_tmpa_skip=\skip48
\g_tmpb_skip=\skip49
\c_zero_muskip=\muskip10
\c_max_muskip=\muskip11
\l_tmpa_muskip=\muskip12
\l_tmpb_muskip=\muskip13
\g_tmpa_muskip=\muskip14
\g_tmpb_muskip=\muskip15
L3 Module: l3keys 2015/09/10 v5983 L3 Key-value interfaces
\g__keyval_level_int=\count108
\l_keys_choice_int=\count109
L3 Module: l3fp 2015/08/25 v5890 L3 Floating points
\c__fp_leading_shift_int=\count110
\c__fp_middle_shift_int=\count111
\c__fp_trailing_shift_int=\count112
\c__fp_big_leading_shift_int=\count113
\c__fp_big_middle_shift_int=\count114
\c__fp_big_trailing_shift_int=\count115
\c__fp_Bigg_leading_shift_int=\count116
\c__fp_Bigg_middle_shift_int=\count117
\c__fp_Bigg_trailing_shift_int=\count118
L3 Module: l3box 2015/08/09 v5822 L3 Experimental boxes
\c_empty_box=\box28
\l_tmpa_box=\box29
\l_tmpb_box=\box30
\g_tmpa_box=\box31
\g_tmpb_box=\box32
L3 Module: l3coffins 2015/08/06 v5789 L3 Coffin code layer
\l__coffin_internal_box=\box33
\l__coffin_internal_dim=\dimen132
\l__coffin_offset_x_dim=\dimen133
\l__coffin_offset_y_dim=\dimen134
\l__coffin_x_dim=\dimen135
\l__coffin_y_dim=\dimen136
\l__coffin_x_prime_dim=\dimen137
\l__coffin_y_prime_dim=\dimen138
\c_empty_coffin=\box34
\l__coffin_aligned_coffin=\box35
\l__coffin_aligned_internal_coffin=\box36
\l_tmpa_coffin=\box37
\l_tmpb_coffin=\box38
\l__coffin_display_coffin=\box39
\l__coffin_display_coord_coffin=\box40
\l__coffin_display_pole_coffin=\box41
\l__coffin_display_offset_dim=\dimen139
\l__coffin_display_x_dim=\dimen140
\l__coffin_display_y_dim=\dimen141
L3 Module: l3color 2014/08/23 v5354 L3 Experimental color support
L3 Module: l3candidates 2015/09/11 v6002 L3 Experimental additions to l3kernel
\l__box_top_dim=\dimen142
\l__box_bottom_dim=\dimen143
\l__box_left_dim=\dimen144
\l__box_right_dim=\dimen145
\l__box_top_new_dim=\dimen146
\l__box_bottom_new_dim=\dimen147
\l__box_left_new_dim=\dimen148
\l__box_right_new_dim=\dimen149
\l__box_internal_box=\box42
\l__coffin_bounding_shift_dim=\dimen150
\l__coffin_left_corner_dim=\dimen151
\l__coffin_right_corner_dim=\dimen152
\l__coffin_bottom_corner_dim=\dimen153
\l__coffin_top_corner_dim=\dimen154
\l__coffin_scaled_total_height_dim=\dimen155
\l__coffin_scaled_width_dim=\dimen156
L3 Module: [unknown name] 0000/00/00 v-1 L3 Experimental system/runtime functio
ns
L3 Module: l3luatex 2015/09/10 v5983 L3 Experimental LuaTeX-specific functions
)
(D:\MikTex\tex\latex\l3kernel\l3unicode-data.def
File: l3unicode-data.def 2015/07/20 v5676 L3 Unicode data
)
(D:\MikTex\tex\latex\l3kernel\l3xdvipdfmx.def
File: l3xdvidpfmx.def 2015/09/10 v5983 L3 Experimental driver: xdvipdfmx
))
(D:\MikTex\tex\latex\l3packages\xparse\xparse.sty
Package: xparse 2015/09/11 v6001 L3 Experimental document command parser
\l__xparse_current_arg_int=\count119
\l__xparse_m_args_int=\count120
\l__xparse_mandatory_args_int=\count121
\l__xparse_processor_int=\count122
\l__xparse_v_nesting_int=\count123
)
\l_fontspec_script_int=\count124
\l_fontspec_language_int=\count125
\l_fontspec_strnum_int=\count126
\l__fontspec_tmpa_dim=\dimen157
\l__fontspec_tmpb_dim=\dimen158
\l__fontspec_tmpc_dim=\dimen159

(D:\MikTex\tex\latex\fontspec\fontspec-patches.sty
Package: fontspec-patches 2015/07/22 v2.4d Font selection for XeLaTeX and LuaLa
TeX
LaTeX Info: Redefining \em on input line 49.
LaTeX Info: Redefining \emph on input line 57.
LaTeX Info: Redefining \- on input line 60.
.................................................
. LaTeX info: "xparse/redefine-command"
. 
. Redefining command \oldstylenums with sig. 'm' on line 155.
.................................................
.................................................
. LaTeX info: "xparse/define-command"
. 
. Defining command \liningnums with sig. 'm' on line 159.
.................................................
)
(D:\MikTex\tex\latex\fontspec\fontspec-xetex.sty
Package: fontspec-xetex 2015/07/22 v2.4d Font selection for XeLaTeX and LuaLaTe
X

(D:\MikTex\tex\latex\base\fontenc.sty
Package: fontenc 2005/09/27 v1.99g Standard LaTeX package
 (D:\MikTex\tex\latex\euenc\eu1enc.def
File: eu1enc.def 2010/05/27 v0.1h Experimental Unicode font encodings
)
LaTeX Font Info:    Try loading font information for EU1+lmr on input line 105.


(D:\MikTex\tex\latex\euenc\eu1lmr.fd
File: eu1lmr.fd 2009/10/30 v1.6 Font defs for Latin Modern
)
Requested font "[lmroman10-regular]:mapping=tex-text" at 10.0pt
 -> D:/MikTex/fonts/opentype/public/lm/lmroman10-regular.otf
)
(D:\MikTex\tex\xelatex\xunicode\xunicode.sty
File: xunicode.sty 2011/09/09 v0.981 provides access to latin accents and many 
other characters in Unicode lower plane

(D:\MikTex\tex\latex\tipa\t3enc.def
File: t3enc.def 2001/12/31 T3 encoding
Requested font "[lmromanslant10-regular]:mapping=tex-text" at 10.0pt
 -> D:/MikTex/fonts/opentype/public/lm/lmromanslant10-regular.otf
Requested font "[lmroman10-italic]:mapping=tex-text" at 10.0pt
 -> D:/MikTex/fonts/opentype/public/lm/lmroman10-italic.otf
Requested font "[lmroman10-bold]:mapping=tex-text" at 10.0pt
 -> D:/MikTex/fonts/opentype/public/lm/lmroman10-bold.otf
LaTeX Font Info:    Try loading font information for EU1+lmss on input line 357
.
 (D:\MikTex\tex\latex\euenc\eu1lmss.fd
File: eu1lmss.fd 2009/10/30 v1.6 Font defs for Latin Modern
)
Requested font "[lmsans10-regular]:mapping=tex-text" at 10.0pt
 -> D:/MikTex/fonts/opentype/public/lm/lmsans10-regular.otf
)
\tipaTiiicode=\count127
\tipasavetokens=\toks17
\tipachecktokens=\toks18

(D:\MikTex\tex\latex\graphics\graphicx.sty
Package: graphicx 2014/10/28 v1.0g Enhanced LaTeX Graphics (DPC,SPQR)

(D:\MikTex\tex\latex\graphics\graphics.sty
Package: graphics 2014/10/28 v1.0p Standard LaTeX Graphics (DPC,SPQR)

(D:\MikTex\tex\latex\graphics\trig.sty
Package: trig 1999/03/16 v1.09 sin cos tan (DPC)
)
(D:\MikTex\tex\latex\00miktex\graphics.cfg
File: graphics.cfg 2007/01/18 v1.5 graphics configuration of teTeX/TeXLive
)
Package graphics Info: Driver file: xetex.def on input line 94.

(D:\MikTex\tex\xelatex\xetex-def\xetex.def
File: xetex.def 2015/03/25 v4.04 LaTeX color/graphics driver for XeTeX (TeX Liv
e/RRM/JK)
))
\Gin@req@height=\dimen160
\Gin@req@width=\dimen161
))
.................................................
. LaTeX info: "xparse/define-command"
. 
. Defining command \__fontspec_post_arg:w with sig. 'mmO{}' on line 42.
.................................................
.................................................
. LaTeX info: "xparse/define-command"
. 
. Defining command \fontspec with sig. 'om' on line 44.
.................................................
.................................................
. LaTeX info: "xparse/define-command"
. 
. Defining command \setmainfont with sig. 'om' on line 54.
.................................................
.................................................
. LaTeX info: "xparse/define-command"
. 
. Defining command \setsansfont with sig. 'om' on line 64.
.................................................
.................................................
. LaTeX info: "xparse/define-command"
. 
. Defining command \setmonofont with sig. 'om' on line 74.
.................................................
.................................................
. LaTeX info: "xparse/define-command"
. 
. Defining command \setmathrm with sig. 'om' on line 88.
.................................................
.................................................
. LaTeX info: "xparse/define-command"
. 
. Defining command \setboldmathrm with sig. 'om' on line 96.
.................................................
.................................................
. LaTeX info: "xparse/define-command"
. 
. Defining command \setmathsf with sig. 'om' on line 104.
.................................................
.................................................
. LaTeX info: "xparse/define-command"
. 
. Defining command \setmathtt with sig. 'om' on line 112.
.................................................
.................................................
. LaTeX info: "xparse/define-command"
. 
. Defining command \newfontfamily with sig. 'mom' on line 126.
.................................................
.................................................
. LaTeX info: "xparse/define-command"
. 
. Defining command \newfontface with sig. 'mom' on line 141.
.................................................
.................................................
. LaTeX info: "xparse/define-command"
. 
. Defining command \defaultfontfeatures with sig. 't+om' on line 155.
.................................................
.................................................
. LaTeX info: "xparse/define-command"
. 
. Defining command \addfontfeatures with sig. 'm' on line 210.
.................................................
.................................................
. LaTeX info: "xparse/define-command"
. 
. Defining command \newfontfeature with sig. 'mm' on line 221.
.................................................
.................................................
. LaTeX info: "xparse/define-command"
. 
. Defining command \newAATfeature with sig. 'mmmm' on line 229.
.................................................
.................................................
. LaTeX info: "xparse/define-command"
. 
. Defining command \newopentypefeature with sig. 'mmm' on line 237.
.................................................
.................................................
. LaTeX info: "xparse/define-command"
. 
. Defining command \aliasfontfeature with sig. 'mm' on line 261.
.................................................
.................................................
. LaTeX info: "xparse/define-command"
. 
. Defining command \aliasfontfeatureoption with sig. 'mmm' on line 270.
.................................................
.................................................
. LaTeX info: "xparse/define-command"
. 
. Defining command \newfontscript with sig. 'mm' on line 275.
.................................................
.................................................
. LaTeX info: "xparse/define-command"
. 
. Defining command \newfontlanguage with sig. 'mm' on line 301.
.................................................
.................................................
. LaTeX info: "xparse/define-command"
. 
. Defining command \DeclareFontsExtensions with sig. 'm' on line 321.
.................................................
\l__fontspec_tmp_int=\count128
LaTeX Info: Redefining \itshape on input line 2230.
LaTeX Info: Redefining \slshape on input line 2235.
LaTeX Info: Redefining \scshape on input line 2240.
LaTeX Info: Redefining \upshape on input line 2245.

(D:\MikTex\tex\latex\fontspec\fontspec.cfg)))
(D:\MikTex\tex\generic\oberdiek\ifluatex.sty
Package: ifluatex 2010/03/01 v1.3 Provides the ifluatex switch (HO)
Package ifluatex Info: LuaTeX not detected.
)
(D:\MikTex\tex\generic\ifxetex\ifxetex.sty
Package: ifxetex 2010/09/12 v0.6 Provides ifxetex conditional
)
\xpg@normalclass=\XeTeXintercharclass4
)
(D:\MikTex\tex\latex\polyglossia\gloss-brazil.ldf
File: gloss-brazil.ldf polyglossia: module for portuguese
)
Package polyglossia Info: Default language is brazil.

(D:\MikTex\tex\latex\xcolor\xcolor.sty
Package: xcolor 2007/01/21 v2.11 LaTeX color extensions (UK)
 (D:\MikTex\tex\latex\00miktex\color.cfg
File: color.cfg 2007/01/18 v1.5 color configuration of teTeX/TeXLive
)
Package xcolor Info: Driver file: xetex.def on input line 225.
Package xcolor Info: Model `cmy' substituted by `cmy0' on input line 1337.
Package xcolor Info: Model `RGB' extended on input line 1353.
Package xcolor Info: Model `HTML' substituted by `rgb' on input line 1355.
Package xcolor Info: Model `Hsb' substituted by `hsb' on input line 1356.
Package xcolor Info: Model `tHsb' substituted by `hsb' on input line 1357.
Package xcolor Info: Model `HSB' substituted by `hsb' on input line 1358.
Package xcolor Info: Model `Gray' substituted by `gray' on input line 1359.
Package xcolor Info: Model `wave' substituted by `hsb' on input line 1360.
) (D:\MikTex\tex\latex\pgf\frontendlayer\tikz.sty
(D:\MikTex\tex\latex\pgf\basiclayer\pgf.sty
(D:\MikTex\tex\latex\pgf\utilities\pgfrcs.sty
(D:\MikTex\tex\generic\pgf\utilities\pgfutil-common.tex
\pgfutil@everybye=\toks19
\pgfutil@tempdima=\dimen162
\pgfutil@tempdimb=\dimen163

(D:\MikTex\tex\generic\pgf\utilities\pgfutil-common-lists.tex))
(D:\MikTex\tex\generic\pgf\utilities\pgfutil-latex.def
\pgfutil@abb=\box43

(D:\MikTex\tex\latex\ms\everyshi.sty
Package: everyshi 2001/05/15 v3.00 EveryShipout Package (MS)
))
(D:\MikTex\tex\generic\pgf\utilities\pgfrcs.code.tex
Package: pgfrcs 2015/08/07 v3.0.1a (rcs-revision 1.31)
))
Package: pgf 2015/08/07 v3.0.1a (rcs-revision 1.15)

(D:\MikTex\tex\latex\pgf\basiclayer\pgfcore.sty
(D:\MikTex\tex\latex\pgf\systemlayer\pgfsys.sty
(D:\MikTex\tex\generic\pgf\systemlayer\pgfsys.code.tex
Package: pgfsys 2014/07/09 v3.0.1a (rcs-revision 1.48)

(D:\MikTex\tex\generic\pgf\utilities\pgfkeys.code.tex
\pgfkeys@pathtoks=\toks20
\pgfkeys@temptoks=\toks21

(D:\MikTex\tex\generic\pgf\utilities\pgfkeysfiltered.code.tex
\pgfkeys@tmptoks=\toks22
))
\pgf@x=\dimen164
\pgf@y=\dimen165
\pgf@xa=\dimen166
\pgf@ya=\dimen167
\pgf@xb=\dimen168
\pgf@yb=\dimen169
\pgf@xc=\dimen170
\pgf@yc=\dimen171
\w@pgf@writea=\write3
\r@pgf@reada=\read1
\c@pgf@counta=\count129
\c@pgf@countb=\count130
\c@pgf@countc=\count131
\c@pgf@countd=\count132
\t@pgf@toka=\toks23
\t@pgf@tokb=\toks24
\t@pgf@tokc=\toks25

(D:\MikTex\tex\generic\pgf\systemlayer\pgf.cfg
File: pgf.cfg 2008/05/14  (rcs-revision 1.7)
)
Driver file for pgf: pgfsys-xetex.def

(D:\MikTex\tex\generic\pgf\systemlayer\pgfsys-xetex.def
File: pgfsys-xetex.def 2014/07/09  (rcs-revision 1.11)

(D:\MikTex\tex\generic\pgf\systemlayer\pgfsys-dvipdfmx.def
File: pgfsys-dvipdfmx.def 2014/07/09  (rcs-revision 1.14)

(D:\MikTex\tex\generic\pgf\systemlayer\pgfsys-common-pdf.def
File: pgfsys-common-pdf.def 2013/10/10  (rcs-revision 1.13)
)
\pgfsys@objnum=\count133
)))
(D:\MikTex\tex\generic\pgf\systemlayer\pgfsyssoftpath.code.tex
File: pgfsyssoftpath.code.tex 2013/09/09  (rcs-revision 1.9)
\pgfsyssoftpath@smallbuffer@items=\count134
\pgfsyssoftpath@bigbuffer@items=\count135
)
(D:\MikTex\tex\generic\pgf\systemlayer\pgfsysprotocol.code.tex
File: pgfsysprotocol.code.tex 2006/10/16  (rcs-revision 1.4)
))
(D:\MikTex\tex\generic\pgf\basiclayer\pgfcore.code.tex
Package: pgfcore 2010/04/11 v3.0.1a (rcs-revision 1.7)

(D:\MikTex\tex\generic\pgf\math\pgfmath.code.tex
(D:\MikTex\tex\generic\pgf\math\pgfmathcalc.code.tex
(D:\MikTex\tex\generic\pgf\math\pgfmathutil.code.tex)
(D:\MikTex\tex\generic\pgf\math\pgfmathparser.code.tex
\pgfmath@dimen=\dimen172
\pgfmath@count=\count136
\pgfmath@box=\box44
\pgfmath@toks=\toks26
\pgfmath@stack@operand=\toks27
\pgfmath@stack@operation=\toks28
)
(D:\MikTex\tex\generic\pgf\math\pgfmathfunctions.code.tex
(D:\MikTex\tex\generic\pgf\math\pgfmathfunctions.basic.code.tex)
(D:\MikTex\tex\generic\pgf\math\pgfmathfunctions.trigonometric.code.tex)
(D:\MikTex\tex\generic\pgf\math\pgfmathfunctions.random.code.tex)
(D:\MikTex\tex\generic\pgf\math\pgfmathfunctions.comparison.code.tex)
(D:\MikTex\tex\generic\pgf\math\pgfmathfunctions.base.code.tex)
(D:\MikTex\tex\generic\pgf\math\pgfmathfunctions.round.code.tex)
(D:\MikTex\tex\generic\pgf\math\pgfmathfunctions.misc.code.tex)
(D:\MikTex\tex\generic\pgf\math\pgfmathfunctions.integerarithmetics.code.tex)))
(D:\MikTex\tex\generic\pgf\math\pgfmathfloat.code.tex
\c@pgfmathroundto@lastzeros=\count137
))
(D:\MikTex\tex\generic\pgf\basiclayer\pgfcorepoints.code.tex
File: pgfcorepoints.code.tex 2013/10/07  (rcs-revision 1.27)
\pgf@picminx=\dimen173
\pgf@picmaxx=\dimen174
\pgf@picminy=\dimen175
\pgf@picmaxy=\dimen176
\pgf@pathminx=\dimen177
\pgf@pathmaxx=\dimen178
\pgf@pathminy=\dimen179
\pgf@pathmaxy=\dimen180
\pgf@xx=\dimen181
\pgf@xy=\dimen182
\pgf@yx=\dimen183
\pgf@yy=\dimen184
\pgf@zx=\dimen185
\pgf@zy=\dimen186
)
(D:\MikTex\tex\generic\pgf\basiclayer\pgfcorepathconstruct.code.tex
File: pgfcorepathconstruct.code.tex 2013/10/07  (rcs-revision 1.29)
\pgf@path@lastx=\dimen187
\pgf@path@lasty=\dimen188
)
(D:\MikTex\tex\generic\pgf\basiclayer\pgfcorepathusage.code.tex
File: pgfcorepathusage.code.tex 2014/11/02  (rcs-revision 1.24)
\pgf@shorten@end@additional=\dimen189
\pgf@shorten@start@additional=\dimen190
)
(D:\MikTex\tex\generic\pgf\basiclayer\pgfcorescopes.code.tex
File: pgfcorescopes.code.tex 2015/05/08  (rcs-revision 1.46)
\pgfpic=\box45
\pgf@hbox=\box46
\pgf@layerbox@main=\box47
\pgf@picture@serial@count=\count138
)
(D:\MikTex\tex\generic\pgf\basiclayer\pgfcoregraphicstate.code.tex
File: pgfcoregraphicstate.code.tex 2014/11/02  (rcs-revision 1.12)
\pgflinewidth=\dimen191
)
(D:\MikTex\tex\generic\pgf\basiclayer\pgfcoretransformations.code.tex
File: pgfcoretransformations.code.tex 2015/08/07  (rcs-revision 1.20)
\pgf@pt@x=\dimen192
\pgf@pt@y=\dimen193
\pgf@pt@temp=\dimen194
)
(D:\MikTex\tex\generic\pgf\basiclayer\pgfcorequick.code.tex
File: pgfcorequick.code.tex 2008/10/09  (rcs-revision 1.3)
)
(D:\MikTex\tex\generic\pgf\basiclayer\pgfcoreobjects.code.tex
File: pgfcoreobjects.code.tex 2006/10/11  (rcs-revision 1.2)
)
(D:\MikTex\tex\generic\pgf\basiclayer\pgfcorepathprocessing.code.tex
File: pgfcorepathprocessing.code.tex 2013/09/09  (rcs-revision 1.9)
)
(D:\MikTex\tex\generic\pgf\basiclayer\pgfcorearrows.code.tex
File: pgfcorearrows.code.tex 2015/05/14  (rcs-revision 1.43)
\pgfarrowsep=\dimen195
)
(D:\MikTex\tex\generic\pgf\basiclayer\pgfcoreshade.code.tex
File: pgfcoreshade.code.tex 2013/07/15  (rcs-revision 1.15)
\pgf@max=\dimen196
\pgf@sys@shading@range@num=\count139
)
(D:\MikTex\tex\generic\pgf\basiclayer\pgfcoreimage.code.tex
File: pgfcoreimage.code.tex 2013/07/15  (rcs-revision 1.18)

(D:\MikTex\tex\generic\pgf\basiclayer\pgfcoreexternal.code.tex
File: pgfcoreexternal.code.tex 2014/07/09  (rcs-revision 1.21)
\pgfexternal@startupbox=\box48
))
(D:\MikTex\tex\generic\pgf\basiclayer\pgfcorelayers.code.tex
File: pgfcorelayers.code.tex 2013/07/18  (rcs-revision 1.7)
)
(D:\MikTex\tex\generic\pgf\basiclayer\pgfcoretransparency.code.tex
File: pgfcoretransparency.code.tex 2013/09/30  (rcs-revision 1.5)
)
(D:\MikTex\tex\generic\pgf\basiclayer\pgfcorepatterns.code.tex
File: pgfcorepatterns.code.tex 2013/11/07  (rcs-revision 1.5)
)))
(D:\MikTex\tex\generic\pgf\modules\pgfmoduleshapes.code.tex
File: pgfmoduleshapes.code.tex 2014/03/21  (rcs-revision 1.35)
\pgfnodeparttextbox=\box49
)
(D:\MikTex\tex\generic\pgf\modules\pgfmoduleplot.code.tex
File: pgfmoduleplot.code.tex 2015/08/03  (rcs-revision 1.13)
)
(D:\MikTex\tex\latex\pgf\compatibility\pgfcomp-version-0-65.sty
Package: pgfcomp-version-0-65 2007/07/03 v3.0.1a (rcs-revision 1.7)
\pgf@nodesepstart=\dimen197
\pgf@nodesepend=\dimen198
)
(D:\MikTex\tex\latex\pgf\compatibility\pgfcomp-version-1-18.sty
Package: pgfcomp-version-1-18 2007/07/23 v3.0.1a (rcs-revision 1.1)
))
(D:\MikTex\tex\latex\pgf\utilities\pgffor.sty
(D:\MikTex\tex\latex\pgf\utilities\pgfkeys.sty
(D:\MikTex\tex\generic\pgf\utilities\pgfkeys.code.tex))
(D:\MikTex\tex\latex\pgf\math\pgfmath.sty
(D:\MikTex\tex\generic\pgf\math\pgfmath.code.tex))
(D:\MikTex\tex\generic\pgf\utilities\pgffor.code.tex
Package: pgffor 2013/12/13 v3.0.1a (rcs-revision 1.25)

(D:\MikTex\tex\generic\pgf\math\pgfmath.code.tex)
\pgffor@iter=\dimen199
\pgffor@skip=\dimen200
\pgffor@stack=\toks29
\pgffor@toks=\toks30
))
(D:\MikTex\tex\generic\pgf\frontendlayer\tikz\tikz.code.tex
Package: tikz 2015/08/07 v3.0.1a (rcs-revision 1.151)

(D:\MikTex\tex\generic\pgf\libraries\pgflibraryplothandlers.code.tex
File: pgflibraryplothandlers.code.tex 2013/08/31 v3.0.1a (rcs-revision 1.20)
\pgf@plot@mark@count=\count140
\pgfplotmarksize=\dimen201
)
\tikz@lastx=\dimen202
\tikz@lasty=\dimen203
\tikz@lastxsaved=\dimen204
\tikz@lastysaved=\dimen205
\tikzleveldistance=\dimen206
\tikzsiblingdistance=\dimen207
\tikz@figbox=\box50
\tikz@figbox@bg=\box51
\tikz@tempbox=\box52
\tikz@tempbox@bg=\box53
\tikztreelevel=\count141
\tikznumberofchildren=\count142
\tikznumberofcurrentchild=\count143
\tikz@fig@count=\count144

(D:\MikTex\tex\generic\pgf\modules\pgfmodulematrix.code.tex
File: pgfmodulematrix.code.tex 2013/09/17  (rcs-revision 1.8)
\pgfmatrixcurrentrow=\count145
\pgfmatrixcurrentcolumn=\count146
\pgf@matrix@numberofcolumns=\count147
)
\tikz@expandcount=\count148

(D:\MikTex\tex\generic\pgf\frontendlayer\tikz\libraries\tikzlibrarytopaths.code
.tex
File: tikzlibrarytopaths.code.tex 2008/06/17 v3.0.1a (rcs-revision 1.2)
))) (D:\MikTex\tex\latex\url\url.sty
\Urlmuskip=\muskip16
Package: url 2013/09/16  ver 3.4  Verb mode for urls, etc.
)
(D:\MikTex\tex\latex\listings\listings.sty
\lst@mode=\count149
\lst@gtempboxa=\box54
\lst@token=\toks31
\lst@length=\count150
\lst@currlwidth=\dimen208
\lst@column=\count151
\lst@pos=\count152
\lst@lostspace=\dimen209
\lst@width=\dimen210
\lst@newlines=\count153
\lst@lineno=\count154
\lst@maxwidth=\dimen211

(D:\MikTex\tex\latex\listings\lstmisc.sty
File: lstmisc.sty 2015/06/04 1.6 (Carsten Heinz)
\c@lstnumber=\count155
\lst@skipnumbers=\count156
\lst@framebox=\box55
)
(D:\MikTex\tex\latex\listings\listings.cfg
File: listings.cfg 2015/06/04 1.6 listings configuration
))
Package: listings 2015/06/04 1.6 (Carsten Heinz)

(D:\MikTex\tex\latex\setspace\setspace.sty
Package: setspace 2011/12/19 v6.7a set line spacing
)
(D:\MikTex\tex\latex\lipsum\lipsum.sty
Package: lipsum 2014/07/27 v1.3 150 paragraphs of Lorem Ipsum dummy text
\c@lips@count=\count157
)
(D:\MikTex\tex\latex\hyperref\hyperref.sty
Package: hyperref 2012/11/06 v6.83m Hypertext links for LaTeX

(D:\MikTex\tex\generic\oberdiek\hobsub-hyperref.sty
Package: hobsub-hyperref 2012/04/25 v1.12 Bundle oberdiek, subset hyperref (HO)


(D:\MikTex\tex\generic\oberdiek\hobsub-generic.sty
Package: hobsub-generic 2012/04/25 v1.12 Bundle oberdiek, subset generic (HO)
Package: hobsub 2012/04/25 v1.12 Construct package bundles (HO)
Package: infwarerr 2010/04/08 v1.3 Providing info/warning/error messages (HO)
Package: ltxcmds 2011/11/09 v1.22 LaTeX kernel commands for general use (HO)
Package hobsub Info: Skipping package `ifluatex' (already loaded).
Package: ifvtex 2010/03/01 v1.5 Detect VTeX and its facilities (HO)
Package ifvtex Info: VTeX not detected.
Package: intcalc 2007/09/27 v1.1 Expandable calculations with integers (HO)
Package: ifpdf 2011/01/30 v2.3 Provides the ifpdf switch (HO)
Package ifpdf Info: pdfTeX in PDF mode is not detected.
Package: etexcmds 2011/02/16 v1.5 Avoid name clashes with e-TeX commands (HO)
Package etexcmds Info: Could not find \expanded.
(etexcmds)             That can mean that you are not using pdfTeX 1.50 or
(etexcmds)             that some package has redefined \expanded.
(etexcmds)             In the latter case, load this package earlier.
Package: kvsetkeys 2012/04/25 v1.16 Key value parser (HO)
Package: kvdefinekeys 2011/04/07 v1.3 Define keys (HO)
Package: pdftexcmds 2011/11/29 v0.20 Utility functions of pdfTeX for LuaTeX (HO
)
Package pdftexcmds Info: LuaTeX not detected.
Package pdftexcmds Info: pdfTeX >= 1.30 not detected.
Package pdftexcmds Info: \pdf@primitive is available.
Package pdftexcmds Info: \pdf@ifprimitive is available.
Package pdftexcmds Info: \pdfdraftmode not found.
Package: pdfescape 2011/11/25 v1.13 Implements pdfTeX's escape features (HO)
Package: bigintcalc 2012/04/08 v1.3 Expandable calculations on big integers (HO
)
Package: bitset 2011/01/30 v1.1 Handle bit-vector datatype (HO)
Package: uniquecounter 2011/01/30 v1.2 Provide unlimited unique counter (HO)
)
Package hobsub Info: Skipping package `hobsub' (already loaded).
Package: letltxmacro 2010/09/02 v1.4 Let assignment for LaTeX macros (HO)
Package: hopatch 2011/06/24 v1.1 Wrapper for package hooks (HO)
Package: xcolor-patch 2011/01/30 xcolor patch
Package: atveryend 2011/06/30 v1.8 Hooks at the very end of document (HO)
Package: atbegshi 2011/10/05 v1.16 At begin shipout hook (HO)
Package: refcount 2011/10/16 v3.4 Data extraction from label references (HO)
Package: hycolor 2011/01/30 v1.7 Color options for hyperref/bookmark (HO)
)
(D:\MikTex\tex\latex\oberdiek\auxhook.sty
Package: auxhook 2011/03/04 v1.3 Hooks for auxiliary files (HO)
)
(D:\MikTex\tex\latex\oberdiek\kvoptions.sty
Package: kvoptions 2011/06/30 v3.11 Key value format for package options (HO)
)
\@linkdim=\dimen212
\Hy@linkcounter=\count158
\Hy@pagecounter=\count159

(D:\MikTex\tex\latex\hyperref\pd1enc.def
File: pd1enc.def 2012/11/06 v6.83m Hyperref: PDFDocEncoding definition (HO)
)
\Hy@SavedSpaceFactor=\count160

(D:\MikTex\tex\latex\00miktex\hyperref.cfg
File: hyperref.cfg 2002/06/06 v1.2 hyperref configuration of TeXLive
)
Package hyperref Info: Hyper figures OFF on input line 4443.
Package hyperref Info: Link nesting OFF on input line 4448.
Package hyperref Info: Hyper index ON on input line 4451.
Package hyperref Info: Plain pages OFF on input line 4458.
Package hyperref Info: Backreferencing OFF on input line 4463.
Package hyperref Info: Implicit mode ON; LaTeX internals redefined.
Package hyperref Info: Bookmarks ON on input line 4688.
\c@Hy@tempcnt=\count161
LaTeX Info: Redefining \url on input line 5041.
\XeTeXLinkMargin=\dimen213
Requested font "pzdr" at 0.00002pt
\Fld@menulength=\count162
\Field@Width=\dimen214
\Fld@charsize=\dimen215
Package hyperref Info: Hyper figures OFF on input line 6295.
Package hyperref Info: Link nesting OFF on input line 6300.
Package hyperref Info: Hyper index ON on input line 6303.
Package hyperref Info: backreferencing OFF on input line 6310.
Package hyperref Info: Link coloring OFF on input line 6315.
Package hyperref Info: Link coloring with OCG OFF on input line 6320.
Package hyperref Info: PDF/A mode OFF on input line 6325.
LaTeX Info: Redefining \ref on input line 6365.
LaTeX Info: Redefining \pageref on input line 6369.
\Hy@abspage=\count163
\c@Item=\count164
\c@Hfootnote=\count165
)

Package hyperref Message: Driver (autodetected): hxetex.

(D:\MikTex\tex\latex\hyperref\hxetex.def
File: hxetex.def 2012/11/06 v6.83m Hyperref driver for XeTeX

(D:\MikTex\tex\latex\hyperref\puenc.def
File: puenc.def 2012/11/06 v6.83m Hyperref: PDF Unicode definition (HO)
)
(D:\MikTex\tex\generic\oberdiek\stringenc.sty
Package: stringenc 2011/12/02 v1.10 Convert strings between diff. encodings (HO
)
)
\pdfm@box=\box56
\c@Hy@AnnotLevel=\count166
\HyField@AnnotCount=\count167
\Fld@listcount=\count168
\c@bookmark@seq@number=\count169

(D:\MikTex\tex\latex\oberdiek\rerunfilecheck.sty
Package: rerunfilecheck 2011/04/15 v1.7 Rerun checks for auxiliary files (HO)
Package rerunfilecheck Info: Feature \pdfmdfivesum is not available
(rerunfilecheck)             (e.g. pdfTeX or LuaTeX with package `pdftexcmds').

(rerunfilecheck)             Therefore file contents cannot be checked efficien
tly
(rerunfilecheck)             and the loading of the package is aborted.
)
\Hy@SectionHShift=\skip50
)
(D:\MikTex\tex\latex\amsmath\amsmath.sty
Package: amsmath 2013/01/14 v2.14 AMS math features
\@mathmargin=\skip51

For additional information on amsmath, use the `?' option.
(D:\MikTex\tex\latex\amsmath\amstext.sty
Package: amstext 2000/06/29 v2.01

(D:\MikTex\tex\latex\amsmath\amsgen.sty
File: amsgen.sty 1999/11/30 v2.0
\@emptytoks=\toks32
\ex@=\dimen216
))
(D:\MikTex\tex\latex\amsmath\amsbsy.sty
Package: amsbsy 1999/11/29 v1.2d
\pmbraise@=\dimen217
)
(D:\MikTex\tex\latex\amsmath\amsopn.sty
Package: amsopn 1999/12/14 v2.01 operator names
)
\inf@bad=\count170
LaTeX Info: Redefining \frac on input line 210.
\uproot@=\count171
\leftroot@=\count172
LaTeX Info: Redefining \overline on input line 306.
\classnum@=\count173
\DOTSCASE@=\count174
LaTeX Info: Redefining \ldots on input line 378.
LaTeX Info: Redefining \dots on input line 381.
LaTeX Info: Redefining \cdots on input line 466.
\Mathstrutbox@=\box57
\strutbox@=\box58
\big@size=\dimen218
LaTeX Font Info:    Redeclaring font encoding OML on input line 566.
LaTeX Font Info:    Redeclaring font encoding OMS on input line 567.
\macc@depth=\count175
\c@MaxMatrixCols=\count176
\dotsspace@=\muskip17
\c@parentequation=\count177
\dspbrk@lvl=\count178
\tag@help=\toks33
\row@=\count179
\column@=\count180
\maxfields@=\count181
\andhelp@=\toks34
\eqnshift@=\dimen219
\alignsep@=\dimen220
\tagshift@=\dimen221
\tagwidth@=\dimen222
\totwidth@=\dimen223
\lineht@=\dimen224
\@envbody=\toks35
\multlinegap=\skip52
\multlinetaggap=\skip53
\mathdisplay@stack=\toks36
LaTeX Info: Redefining \[ on input line 2665.
LaTeX Info: Redefining \] on input line 2666.
)
(D:\MikTex\tex\latex\mathtools\mathtools.sty
Package: mathtools 2015/11/12 v1.18 mathematical typesetting tools

(D:\MikTex\tex\latex\tools\calc.sty
Package: calc 2014/10/28 v4.3 Infix arithmetic (KKT,FJ)
\calc@Acount=\count182
\calc@Bcount=\count183
\calc@Adimen=\dimen225
\calc@Bdimen=\dimen226
\calc@Askip=\skip54
\calc@Bskip=\skip55
LaTeX Info: Redefining \setlength on input line 80.
LaTeX Info: Redefining \addtolength on input line 81.
\calc@Ccount=\count184
\calc@Cskip=\skip56
) (D:\MikTex\tex\latex\mathtools\mhsetup.sty
Package: mhsetup 2010/01/21 v1.2a programming setup (MH)
)
LaTeX Info: Thecontrolsequence`\('isalreadyrobust on input line 129.
LaTeX Info: Thecontrolsequence`\)'isalreadyrobust on input line 129.
LaTeX Info: Thecontrolsequence`\['isalreadyrobust on input line 129.
LaTeX Info: Thecontrolsequence`\]'isalreadyrobust on input line 129.
\g_MT_multlinerow_int=\count185
\l_MT_multwidth_dim=\dimen227
\origjot=\skip57
\l_MT_shortvdotswithinadjustabove_dim=\dimen228
\l_MT_shortvdotswithinadjustbelow_dim=\dimen229
\l_MT_above_intertext_sep=\dimen230
\l_MT_below_intertext_sep=\dimen231
\l_MT_above_shortintertext_sep=\dimen232
\l_MT_below_shortintertext_sep=\dimen233
) (D:\MikTex\tex\latex\subfig\subfig.sty
Package: subfig 2005/06/28 ver: 1.3 subfig package

(D:\MikTex\tex\latex\caption\caption.sty
Package: caption 2015/09/17 v3.3-111 Customizing captions (AR)

(D:\MikTex\tex\latex\caption\caption3.sty
Package: caption3 2015/09/20 v1.7-115 caption3 kernel (AR)
Package caption3 Info: TeX engine: e-TeX on input line 57.
\captionmargin=\dimen256
\captionmargin@=\dimen257
\captionwidth=\dimen258
\caption@tempdima=\dimen259
\caption@indent=\dimen260
\caption@parindent=\dimen261
\caption@hangindent=\dimen262
Package caption Info: Unknown document class (or package),
(caption)             standard defaults will be used.
)

Package caption Warning: Unsupported document class (or package) detected,
(caption)                usage of the caption package is not recommended.
See the caption package documentation for explanation.

Package caption Info: \@makecaption = \long macro:#1#2->\ifx \@captype \@IEEEta
blestring \footnotesize \bgroup \par \centering \@IEEEtabletopskipstrut {\norma
lfont \footnotesize #1}\\{\normalfont \footnotesize \scshape #2}\par \addvspace
 {0.5\baselineskip }\egroup \@IEEEtablecaptionsepspace \else \@IEEEfigurecaptio
nsepspace \setbox \@tempboxa \hbox {\normalfont \footnotesize {#1.}\nobreakspac
e \nobreakspace #2}\ifdim \wd \@tempboxa >\hsize \setbox \@tempboxa \hbox {\nor
malfont \footnotesize {#1.}\nobreakspace \nobreakspace }\parbox [t]{\hsize }{\n
ormalfont \footnotesize \noindent \unhbox \@tempboxa #2}\else \ifCLASSOPTIONcon
ference \hbox to\hsize {\normalfont \footnotesize \hfil \box \@tempboxa \hfil }
\else \hbox to\hsize {\normalfont \footnotesize \box \@tempboxa \hfil }\fi \fi 
\fi .
\c@ContinuedFloat=\count186
Package caption Info: hyperref package is loaded.
Package caption Info: listings package is loaded.
)
\c@KVtest=\count187
\sf@farskip=\skip58
\sf@captopadj=\dimen263
\sf@capskip=\skip59
\sf@nearskip=\skip60
\c@subfigure=\count188
\c@subfigure@save=\count189
\c@lofdepth=\count190
\c@subtable=\count191
\c@subtable@save=\count192
\c@lotdepth=\count193
\sf@top=\skip61
\sf@bottom=\skip62
) (D:\MikTex\tex\latex\enumitem\enumitem.sty
Package: enumitem 2011/09/28 v3.5.2 Customized lists
\enitkv@toks@=\toks37
\labelindent=\skip63
\enit@outerparindent=\dimen264
\enit@toks=\toks38
\enit@inbox=\box59
\enitdp@description=\count194
)
(D:\MikTex\tex\latex\listings\lstlang1.sty
File: lstlang1.sty 2015/06/04 1.6 listings language file
) (sbc-template.aux)
LaTeX Font Info:    Checking defaults for OML/cmm/m/it on input line 61.
LaTeX Font Info:    ... okay on input line 61.
LaTeX Font Info:    Checking defaults for T1/cmr/m/n on input line 61.
LaTeX Font Info:    ... okay on input line 61.
LaTeX Font Info:    Checking defaults for OT1/cmr/m/n on input line 61.
LaTeX Font Info:    ... okay on input line 61.
LaTeX Font Info:    Checking defaults for OMS/cmsy/m/n on input line 61.
LaTeX Font Info:    ... okay on input line 61.
LaTeX Font Info:    Checking defaults for OMX/cmex/m/n on input line 61.
LaTeX Font Info:    ... okay on input line 61.
LaTeX Font Info:    Checking defaults for U/cmr/m/n on input line 61.
LaTeX Font Info:    ... okay on input line 61.
LaTeX Font Info:    Checking defaults for EU1/lmr/m/n on input line 61.
LaTeX Font Info:    ... okay on input line 61.
LaTeX Font Info:    Checking defaults for T3/cmr/m/n on input line 61.
LaTeX Font Info:    Try loading font information for T3+cmr on input line 61.

(D:\MikTex\tex\latex\tipa\t3cmr.fd
File: t3cmr.fd 2001/12/31 TIPA font definitions
)
LaTeX Font Info:    ... okay on input line 61.
LaTeX Font Info:    Checking defaults for PD1/pdf/m/n on input line 61.
LaTeX Font Info:    ... okay on input line 61.
LaTeX Font Info:    Checking defaults for PU/pdf/m/n on input line 61.
LaTeX Font Info:    ... okay on input line 61.
Requested font "[lmroman5-regular]:mapping=tex-text" at 5.0pt
 -> D:/MikTex/fonts/opentype/public/lm/lmroman5-regular.otf
Requested font "[lmroman5-bold]:mapping=tex-text" at 5.0pt
 -> D:/MikTex/fonts/opentype/public/lm/lmroman5-bold.otf
Requested font "[lmroman7-italic]:mapping=tex-text" at 5.0pt
 -> D:/MikTex/fonts/opentype/public/lm/lmroman7-italic.otf
Requested font "[lmroman10-bolditalic]:mapping=tex-text" at 5.0pt
 -> D:/MikTex/fonts/opentype/public/lm/lmroman10-bolditalic.otf
Requested font "[lmroman7-regular]:mapping=tex-text" at 7.0pt
 -> D:/MikTex/fonts/opentype/public/lm/lmroman7-regular.otf
Requested font "[lmroman7-bold]:mapping=tex-text" at 7.0pt
 -> D:/MikTex/fonts/opentype/public/lm/lmroman7-bold.otf
Requested font "[lmroman7-italic]:mapping=tex-text" at 7.0pt
 -> D:/MikTex/fonts/opentype/public/lm/lmroman7-italic.otf
Requested font "[lmroman10-bolditalic]:mapping=tex-text" at 7.0pt
 -> D:/MikTex/fonts/opentype/public/lm/lmroman10-bolditalic.otf
Requested font "[lmroman8-regular]:mapping=tex-text" at 8.0pt
 -> D:/MikTex/fonts/opentype/public/lm/lmroman8-regular.otf
Requested font "[lmroman8-bold]:mapping=tex-text" at 8.0pt
 -> D:/MikTex/fonts/opentype/public/lm/lmroman8-bold.otf
Requested font "[lmroman8-italic]:mapping=tex-text" at 8.0pt
 -> D:/MikTex/fonts/opentype/public/lm/lmroman8-italic.otf
Requested font "[lmroman10-bolditalic]:mapping=tex-text" at 8.0pt
 -> D:/MikTex/fonts/opentype/public/lm/lmroman10-bolditalic.otf
Requested font "[lmroman9-regular]:mapping=tex-text" at 9.0pt
 -> D:/MikTex/fonts/opentype/public/lm/lmroman9-regular.otf
Requested font "[lmroman9-bold]:mapping=tex-text" at 9.0pt
 -> D:/MikTex/fonts/opentype/public/lm/lmroman9-bold.otf
Requested font "[lmroman9-italic]:mapping=tex-text" at 9.0pt
 -> D:/MikTex/fonts/opentype/public/lm/lmroman9-italic.otf
Requested font "[lmroman10-bolditalic]:mapping=tex-text" at 9.0pt
 -> D:/MikTex/fonts/opentype/public/lm/lmroman10-bolditalic.otf
Requested font "[lmroman10-bolditalic]:mapping=tex-text" at 10.0pt
 -> D:/MikTex/fonts/opentype/public/lm/lmroman10-bolditalic.otf
Requested font "[lmroman12-regular]:mapping=tex-text" at 11.0pt
 -> D:/MikTex/fonts/opentype/public/lm/lmroman12-regular.otf
Requested font "[lmroman12-bold]:mapping=tex-text" at 11.0pt
 -> D:/MikTex/fonts/opentype/public/lm/lmroman12-bold.otf
Requested font "[lmroman12-italic]:mapping=tex-text" at 11.0pt
 -> D:/MikTex/fonts/opentype/public/lm/lmroman12-italic.otf
Requested font "[lmroman10-bolditalic]:mapping=tex-text" at 11.0pt
 -> D:/MikTex/fonts/opentype/public/lm/lmroman10-bolditalic.otf
Requested font "[lmroman12-regular]:mapping=tex-text" at 12.0pt
 -> D:/MikTex/fonts/opentype/public/lm/lmroman12-regular.otf
Requested font "[lmroman12-bold]:mapping=tex-text" at 12.0pt
 -> D:/MikTex/fonts/opentype/public/lm/lmroman12-bold.otf
Requested font "[lmroman12-italic]:mapping=tex-text" at 12.0pt
 -> D:/MikTex/fonts/opentype/public/lm/lmroman12-italic.otf
Requested font "[lmroman10-bolditalic]:mapping=tex-text" at 12.0pt
 -> D:/MikTex/fonts/opentype/public/lm/lmroman10-bolditalic.otf
Requested font "[lmroman17-regular]:mapping=tex-text" at 17.0pt
 -> D:/MikTex/fonts/opentype/public/lm/lmroman17-regular.otf
Requested font "[lmroman12-bold]:mapping=tex-text" at 17.0pt
 -> D:/MikTex/fonts/opentype/public/lm/lmroman12-bold.otf
Requested font "[lmroman12-italic]:mapping=tex-text" at 17.0pt
 -> D:/MikTex/fonts/opentype/public/lm/lmroman12-italic.otf
Requested font "[lmroman10-bolditalic]:mapping=tex-text" at 17.0pt
 -> D:/MikTex/fonts/opentype/public/lm/lmroman10-bolditalic.otf
Requested font "[lmroman17-regular]:mapping=tex-text" at 20.0pt
 -> D:/MikTex/fonts/opentype/public/lm/lmroman17-regular.otf
Requested font "[lmroman12-bold]:mapping=tex-text" at 20.0pt
 -> D:/MikTex/fonts/opentype/public/lm/lmroman12-bold.otf
Requested font "[lmroman12-italic]:mapping=tex-text" at 20.0pt
 -> D:/MikTex/fonts/opentype/public/lm/lmroman12-italic.otf
Requested font "[lmroman10-bolditalic]:mapping=tex-text" at 20.0pt
 -> D:/MikTex/fonts/opentype/public/lm/lmroman10-bolditalic.otf
Requested font "[lmroman17-regular]:mapping=tex-text" at 24.0pt
 -> D:/MikTex/fonts/opentype/public/lm/lmroman17-regular.otf
Requested font "[lmroman12-bold]:mapping=tex-text" at 24.0pt
 -> D:/MikTex/fonts/opentype/public/lm/lmroman12-bold.otf
Requested font "[lmroman12-italic]:mapping=tex-text" at 24.0pt
 -> D:/MikTex/fonts/opentype/public/lm/lmroman12-italic.otf
Requested font "[lmroman10-bolditalic]:mapping=tex-text" at 24.0pt
 -> D:/MikTex/fonts/opentype/public/lm/lmroman10-bolditalic.otf

-- Lines per column: 56 (exact).
.................................................
. fontspec info: "setup-math"
. 
. Adjusting the maths setup (use [no-math] to avoid this).
.................................................
\symlegacymaths=\mathgroup4
LaTeX Font Info:    Overwriting symbol font `legacymaths' in version `bold'
(Font)                  OT1/cmr/m/n --> OT1/cmr/bx/n on input line 61.
LaTeX Font Info:    Redeclaring math accent \acute on input line 61.
LaTeX Font Info:    Redeclaring math accent \grave on input line 61.
LaTeX Font Info:    Redeclaring math accent \ddot on input line 61.
LaTeX Font Info:    Redeclaring math accent \tilde on input line 61.
LaTeX Font Info:    Redeclaring math accent \bar on input line 61.
LaTeX Font Info:    Redeclaring math accent \breve on input line 61.
LaTeX Font Info:    Redeclaring math accent \check on input line 61.
LaTeX Font Info:    Redeclaring math accent \hat on input line 61.
LaTeX Font Info:    Redeclaring math accent \dot on input line 61.
LaTeX Font Info:    Redeclaring math accent \mathring on input line 61.
LaTeX Font Info:    Redeclaring math symbol \Gamma on input line 61.
LaTeX Font Info:    Redeclaring math symbol \Delta on input line 61.
LaTeX Font Info:    Redeclaring math symbol \Theta on input line 61.
LaTeX Font Info:    Redeclaring math symbol \Lambda on input line 61.
LaTeX Font Info:    Redeclaring math symbol \Xi on input line 61.
LaTeX Font Info:    Redeclaring math symbol \Pi on input line 61.
LaTeX Font Info:    Redeclaring math symbol \Sigma on input line 61.
LaTeX Font Info:    Redeclaring math symbol \Upsilon on input line 61.
LaTeX Font Info:    Redeclaring math symbol \Phi on input line 61.
LaTeX Font Info:    Redeclaring math symbol \Psi on input line 61.
LaTeX Font Info:    Redeclaring math symbol \Omega on input line 61.
LaTeX Font Info:    Redeclaring math symbol \mathdollar on input line 61.
LaTeX Font Info:    Redeclaring symbol font `operators' on input line 61.
LaTeX Font Info:    Encoding `OT1' has changed to `EU1' for symbol font
(Font)              `operators' in the math version `normal' on input line 61.
LaTeX Font Info:    Overwriting symbol font `operators' in version `normal'
(Font)                  OT1/cmr/m/n --> EU1/lmr/m/n on input line 61.
LaTeX Font Info:    Encoding `OT1' has changed to `EU1' for symbol font
(Font)              `operators' in the math version `bold' on input line 61.
LaTeX Font Info:    Overwriting symbol font `operators' in version `bold'
(Font)                  OT1/cmr/bx/n --> EU1/lmr/m/n on input line 61.
LaTeX Font Info:    Overwriting symbol font `operators' in version `normal'
(Font)                  EU1/lmr/m/n --> EU1/lmr/m/n on input line 61.
LaTeX Font Info:    Overwriting math alphabet `\mathit' in version `normal'
(Font)                  OT1/cmr/m/it --> EU1/lmr/m/it on input line 61.
LaTeX Font Info:    Overwriting math alphabet `\mathbf' in version `normal'
(Font)                  OT1/cmr/bx/n --> EU1/lmr/bx/n on input line 61.
LaTeX Font Info:    Overwriting math alphabet `\mathsf' in version `normal'
(Font)                  OT1/cmss/m/n --> EU1/lmss/m/n on input line 61.
LaTeX Font Info:    Overwriting math alphabet `\mathtt' in version `normal'
(Font)                  OT1/cmtt/m/n --> EU1/lmtt/m/n on input line 61.
LaTeX Font Info:    Overwriting symbol font `operators' in version `bold'
(Font)                  EU1/lmr/m/n --> EU1/lmr/bx/n on input line 61.
LaTeX Font Info:    Overwriting math alphabet `\mathit' in version `bold'
(Font)                  OT1/cmr/bx/it --> EU1/lmr/bx/it on input line 61.
LaTeX Font Info:    Overwriting math alphabet `\mathsf' in version `bold'
(Font)                  OT1/cmss/bx/n --> EU1/lmss/bx/n on input line 61.
LaTeX Font Info:    Overwriting math alphabet `\mathtt' in version `bold'
(Font)                  OT1/cmtt/m/n --> EU1/lmtt/bx/n on input line 61.
ABD: EveryShipout initializing macros
\c@lstlisting=\count195
\AtBeginShipoutBox=\box60
Package hyperref Info: Link coloring OFF on input line 61.
 (D:\MikTex\tex\latex\hyperref\nameref.sty
Package: nameref 2012/10/27 v2.43 Cross-referencing by name of section
(D:\MikTex\tex\generic\oberdiek\gettitlestring.sty
Package: gettitlestring 2010/12/03 v1.4 Cleanup title references (HO)
)
\c@section@level=\count196
)
LaTeX Info: Redefining \ref on input line 61.
LaTeX Info: Redefining \pageref on input line 61.
LaTeX Info: Redefining \nameref on input line 61.
 (sbc-template.out)
(sbc-template.out)
\@outlinefile=\write4
Package caption Info: Begin \AtBeginDocument code.
Package caption Info: subfig package v1.3 is loaded.
Package caption Info: End \AtBeginDocument code.
Requested font "[lmroman6-regular]:mapping=tex-text" at 6.0pt
 -> D:/MikTex/fonts/opentype/public/lm/lmroman6-regular.otf
Requested font "cmmi9" at 9.0pt
Requested font "cmmi6" at 6.0pt
Requested font "cmsy9" at 9.0pt
Requested font "cmsy6" at 6.0pt
Requested font "cmex9" at 9.0pt
Requested font "cmex7" at 6.0pt
Requested font "cmex7" at 5.0pt
Requested font "cmr9" at 9.0pt
Requested font "cmr6" at 6.0pt
Requested font "[lmromancaps10-regular]:mapping=tex-text" at 10.0pt
 -> D:/MikTex/fonts/opentype/public/lm/lmromancaps10-regular.otf
 (D:\MikTex\tex\generic\oberdiek\se-ascii-print.def
File: se-ascii-print.def 2011/12/02 v1.10 stringenc: Printable ASCII characters

)
Requested font "cmex7" at 7.0pt

Overfull \hbox (13.43983pt too wide) detected at line 90
 [] 
 []

LaTeX Font Info:    Try loading font information for EU1+lmtt on input line 93.

(D:\MikTex\tex\latex\euenc\eu1lmtt.fd
File: eu1lmtt.fd 2009/10/30 v1.6 Font defs for Latin Modern
)
Requested font "[lmmono10-regular]" at 10.0pt
 -> D:/MikTex/fonts/opentype/public/lm/lmmono10-regular.otf
Requested font "[lmmono8-regular]" at 8.0pt
 -> D:/MikTex/fonts/opentype/public/lm/lmmono8-regular.otf

Overfull \hbox (13.66109pt too wide) detected at line 130
 [] 
 []

[1


] [2]
Overfull \hbox (1.17287pt too wide) detected at line 333
 [] 
 []


Overfull \hbox (13.85654pt too wide) detected at line 344
\OML/cmm/m/it/10 A \OT1/cmr/m/n/10 = []
 []

[3]
Overfull \hbox (1.17287pt too wide) detected at line 446
 [] 
 []


Overfull \hbox (2.45026pt too wide) detected at line 457
\OML/cmm/m/it/10 A \OT1/cmr/m/n/10 = []
 []

[4]
File: img/func1-1.png Graphic file (type QTm)
 <use  "img/func1-1.png" >
Requested font "cmmi8" at 8.0pt
Requested font "cmsy8" at 8.0pt
Requested font "cmex8" at 8.0pt
Requested font "cmr8" at 8.0pt
File: img/func2-1.png Graphic file (type QTm)
 <use  "img/func2-1.png" >
File: img/func3-1.png Graphic file (type QTm)

<use  "img/func3-1.png" >
File: img/func1-2.png Graphic file (type QTm)
 <use  "img/func1-2.png" >
File: img/func2-2.png Graphic file (type QTm)
 <use  "img/func2-2.png" >
File: img/func3-2.png Graphic file (type QTm)

<use  "img/func3-2.png" > [5]
File: img/func1-3.png Graphic file (type QTm)
 <use  "img/func1-3.png" >
File: img/func2-3.png Graphic file (type QTm)

<use  "img/func2-3.png" >
File: img/func3-3.png Graphic file (type QTm)
 <use  "img/func3-3.png" > (sbc-template.bbl
Underfull \hbox (badness 1902) in paragraph at lines 4--9
[]\EU1/lmr/m/n/8 Carlos J. S. Alves.  Interpolao polinomial.  Disponvel
 []


Underfull \hbox (badness 1852) in paragraph at lines 28--33
[]\EU1/lmr/m/n/8 Reginaldo J. Santos.  Introduo ao matlab.  Disponvel
 []

)

** Conference Paper **
Before submitting the final camera ready copy, remember to:

 1. Manually equalize the lengths of two columns on the last page
 of your paper;

 2. Ensure that any PostScript and/or PDF output post-processing
 uses only Type 1 fonts and that every step in the generation
 process uses the appropriate paper size.

[6]
Package atveryend Info: Empty hook `BeforeClearDocument' on input line 611.
Package atveryend Info: Empty hook `AfterLastShipout' on input line 611.
 (sbc-template.aux)
Package atveryend Info: Empty hook `AtVeryEndDocument' on input line 611.
Package atveryend Info: Empty hook `AtEndAfterFileList' on input line 611.
 ) 
Here is how much of TeX's memory you used:
 37024 strings out of 428755
 691316 string characters out of 3167298
 1097580 words of memory out of 3000000
 39940 multiletter control sequences out of 15000+200000
 29302 words of font info for 115 fonts, out of 3000000 for 9000
 1096 hyphenation exceptions out of 8191
 61i,13n,96p,10462b,1740s stack positions out of 5000i,500n,10000p,200000b,50000s

Output written on sbc-template.pdf (6 pages).
